d:\programming\opensees.net\win64\proj\openseesnet\x64\debug\opensees.net.x64.dll.pch
d:\programming\opensees.net\win64\proj\openseesnet\x64\debug\vc142.pdb
d:\programming\opensees.net\win64\proj\openseesnet\x64\debug\stdafx.sbr
d:\programming\opensees.net\win64\proj\openseesnet\x64\debug\stdafx.obj
d:\programming\opensees.net\win64\proj\openseesnet\x64\debug\acceleratorwrapper.sbr
d:\programming\opensees.net\win64\proj\openseesnet\x64\debug\algorithmswrapper.sbr
d:\programming\opensees.net\win64\proj\openseesnet\x64\debug\linesearchwrapper.sbr
d:\programming\opensees.net\win64\proj\openseesnet\x64\debug\analysiswrapper.sbr
d:\programming\opensees.net\win64\proj\openseesnet\x64\debug\constrainthandlerwrapper.sbr
d:\programming\opensees.net\win64\proj\openseesnet\x64\debug\incrementalintegratorwrapper.sbr
d:\programming\opensees.net\win64\proj\openseesnet\x64\debug\integratorwrapper.sbr
d:\programming\opensees.net\win64\proj\openseesnet\x64\debug\staticintegratorwrapper.sbr
d:\programming\opensees.net\win64\proj\openseesnet\x64\debug\transientintegratorwrapper.sbr
d:\programming\opensees.net\win64\proj\openseesnet\x64\debug\analysismodelwrapper.sbr
d:\programming\opensees.net\win64\proj\openseesnet\x64\debug\dof_numbererwrapper.sbr
d:\programming\opensees.net\win64\proj\openseesnet\x64\debug\assemblyinfo.sbr
d:\programming\opensees.net\win64\proj\openseesnet\x64\debug\convergencetestwrapper.sbr
d:\programming\opensees.net\win64\proj\openseesnet\x64\debug\damagemodelwrapper.sbr
d:\programming\opensees.net\win64\proj\openseesnet\x64\debug\domaincomponentwrapper.sbr
d:\programming\opensees.net\win64\proj\openseesnet\x64\debug\constraintwrapper.sbr
d:\programming\opensees.net\win64\proj\openseesnet\x64\debug\basedomainwrapper.sbr
d:\programming\opensees.net\win64\proj\openseesnet\x64\debug\domainevent.sbr
d:\programming\opensees.net\win64\proj\openseesnet\x64\debug\domainwrapper.sbr
d:\programming\opensees.net\win64\proj\openseesnet\x64\debug\groudmotionwrapper.sbr
d:\programming\opensees.net\win64\proj\openseesnet\x64\debug\groudmotionwrapper.obj
d:\programming\opensees.net\win64\proj\openseesnet\x64\debug\domainwrapper.obj
d:\programming\opensees.net\win64\proj\openseesnet\x64\debug\domainevent.obj
d:\programming\opensees.net\win64\proj\openseesnet\x64\debug\basedomainwrapper.obj
d:\programming\opensees.net\win64\proj\openseesnet\x64\debug\constraintwrapper.obj
d:\programming\opensees.net\win64\proj\openseesnet\x64\debug\domaincomponentwrapper.obj
d:\programming\opensees.net\win64\proj\openseesnet\x64\debug\damagemodelwrapper.obj
d:\programming\opensees.net\win64\proj\openseesnet\x64\debug\convergencetestwrapper.obj
d:\programming\opensees.net\win64\proj\openseesnet\x64\debug\assemblyinfo.obj
d:\programming\opensees.net\win64\proj\openseesnet\x64\debug\dof_numbererwrapper.obj
d:\programming\opensees.net\win64\proj\openseesnet\x64\debug\analysismodelwrapper.obj
d:\programming\opensees.net\win64\proj\openseesnet\x64\debug\transientintegratorwrapper.obj
d:\programming\opensees.net\win64\proj\openseesnet\x64\debug\staticintegratorwrapper.obj
d:\programming\opensees.net\win64\proj\openseesnet\x64\debug\integratorwrapper.obj
d:\programming\opensees.net\win64\proj\openseesnet\x64\debug\incrementalintegratorwrapper.obj
d:\programming\opensees.net\win64\proj\openseesnet\x64\debug\constrainthandlerwrapper.obj
d:\programming\opensees.net\win64\proj\openseesnet\x64\debug\analysiswrapper.obj
d:\programming\opensees.net\win64\proj\openseesnet\x64\debug\linesearchwrapper.obj
d:\programming\opensees.net\win64\proj\openseesnet\x64\debug\algorithmswrapper.obj
d:\programming\opensees.net\win64\proj\openseesnet\x64\debug\acceleratorwrapper.obj
d:\programming\opensees.net\win64\proj\openseesnet\x64\debug\loadwrapper.sbr
d:\programming\opensees.net\win64\proj\openseesnet\x64\debug\nodewrapper.sbr
d:\programming\opensees.net\win64\proj\openseesnet\x64\debug\loadpatternwrapper.sbr
d:\programming\opensees.net\win64\proj\openseesnet\x64\debug\timeserieswrapper.sbr
d:\programming\opensees.net\win64\proj\openseesnet\x64\debug\adapterwrapper.sbr
d:\programming\opensees.net\win64\proj\openseesnet\x64\debug\baseelementwrapper.sbr
d:\programming\opensees.net\win64\proj\openseesnet\x64\debug\beamcolumnwrapper.sbr
d:\programming\opensees.net\win64\proj\openseesnet\x64\debug\beamintegrationwrapper.sbr
d:\programming\opensees.net\win64\proj\openseesnet\x64\debug\bearingwrapper.sbr
d:\programming\opensees.net\win64\proj\openseesnet\x64\debug\brickwrapper.sbr
d:\programming\opensees.net\win64\proj\openseesnet\x64\debug\catenarycablewrapper.sbr
d:\programming\opensees.net\win64\proj\openseesnet\x64\debug\crdtransfwrapper.sbr
d:\programming\opensees.net\win64\proj\openseesnet\x64\debug\elementwrapper.sbr
d:\programming\opensees.net\win64\proj\openseesnet\x64\debug\externalelementwrapper.sbr
d:\programming\opensees.net\win64\proj\openseesnet\x64\debug\otherelementwrapper.sbr
d:\programming\opensees.net\win64\proj\openseesnet\x64\debug\quad4fiberoverlaywrapper.sbr
d:\programming\opensees.net\win64\proj\openseesnet\x64\debug\surfaceloadwrapper.sbr
d:\programming\opensees.net\win64\proj\openseesnet\x64\debug\quadwrapper.sbr
d:\programming\opensees.net\win64\proj\openseesnet\x64\debug\shellwrapper.sbr
d:\programming\opensees.net\win64\proj\openseesnet\x64\debug\trusswrapper.sbr
d:\programming\opensees.net\win64\proj\openseesnet\x64\debug\trusswrapper.obj
d:\programming\opensees.net\win64\proj\openseesnet\x64\debug\shellwrapper.obj
d:\programming\opensees.net\win64\proj\openseesnet\x64\debug\quadwrapper.obj
d:\programming\opensees.net\win64\proj\openseesnet\x64\debug\surfaceloadwrapper.obj
d:\programming\opensees.net\win64\proj\openseesnet\x64\debug\quad4fiberoverlaywrapper.obj
d:\programming\opensees.net\win64\proj\openseesnet\x64\debug\otherelementwrapper.obj
d:\programming\opensees.net\win64\proj\openseesnet\x64\debug\externalelementwrapper.obj
d:\programming\opensees.net\win64\proj\openseesnet\x64\debug\elementwrapper.obj
d:\programming\opensees.net\win64\proj\openseesnet\x64\debug\crdtransfwrapper.obj
d:\programming\opensees.net\win64\proj\openseesnet\x64\debug\catenarycablewrapper.obj
d:\programming\opensees.net\win64\proj\openseesnet\x64\debug\brickwrapper.obj
d:\programming\opensees.net\win64\proj\openseesnet\x64\debug\bearingwrapper.obj
d:\programming\opensees.net\win64\proj\openseesnet\x64\debug\beamintegrationwrapper.obj
d:\programming\opensees.net\win64\proj\openseesnet\x64\debug\beamcolumnwrapper.obj
d:\programming\opensees.net\win64\proj\openseesnet\x64\debug\baseelementwrapper.obj
d:\programming\opensees.net\win64\proj\openseesnet\x64\debug\adapterwrapper.obj
d:\programming\opensees.net\win64\proj\openseesnet\x64\debug\timeserieswrapper.obj
d:\programming\opensees.net\win64\proj\openseesnet\x64\debug\loadpatternwrapper.obj
d:\programming\opensees.net\win64\proj\openseesnet\x64\debug\nodewrapper.obj
d:\programming\opensees.net\win64\proj\openseesnet\x64\debug\loadwrapper.obj
d:\programming\opensees.net\win64\proj\openseesnet\x64\debug\ulbeamcolumnwrapper.sbr
d:\programming\opensees.net\win64\proj\openseesnet\x64\debug\coupledzerolengthwrapper.sbr
d:\programming\opensees.net\win64\proj\openseesnet\x64\debug\zerolengthelementwrapper.sbr
d:\programming\opensees.net\win64\proj\openseesnet\x64\debug\graphnumbererwrapper.sbr
d:\programming\opensees.net\win64\proj\openseesnet\x64\debug\handlerwrapper.sbr
d:\programming\opensees.net\win64\proj\openseesnet\x64\debug\materialwrapper.sbr
d:\programming\opensees.net\win64\proj\openseesnet\x64\debug\ndmaterialwrapper.sbr
d:\programming\opensees.net\win64\proj\openseesnet\x64\debug\fiberwrapper.sbr
d:\programming\opensees.net\win64\proj\openseesnet\x64\debug\sectionintegrationwrapper.sbr
d:\programming\opensees.net\win64\proj\openseesnet\x64\debug\patchwrapper.sbr
d:\programming\opensees.net\win64\proj\openseesnet\x64\debug\reinflayerwrapper.sbr
d:\programming\opensees.net\win64\proj\openseesnet\x64\debug\sectionrepreswrapper.sbr
d:\programming\opensees.net\win64\proj\openseesnet\x64\debug\sectionforcedeformationwrapper.sbr
d:\programming\opensees.net\win64\proj\openseesnet\x64\debug\limitcurvewrapper.sbr
d:\programming\opensees.net\win64\proj\openseesnet\x64\debug\uniaxialmaterialwrapper.sbr
d:\programming\opensees.net\win64\proj\openseesnet\x64\debug\uniaxialmaterialwrapper_all.sbr
d:\programming\opensees.net\win64\proj\openseesnet\x64\debug\yieldsurfacewrapper.sbr
d:\programming\opensees.net\win64\proj\openseesnet\x64\debug\idwrapper.sbr
d:\programming\opensees.net\win64\proj\openseesnet\x64\debug\matrixwrapper.sbr
d:\programming\opensees.net\win64\proj\openseesnet\x64\debug\vectorwrapper.sbr
d:\programming\opensees.net\win64\proj\openseesnet\x64\debug\vectorwrapper.obj
d:\programming\opensees.net\win64\proj\openseesnet\x64\debug\matrixwrapper.obj
d:\programming\opensees.net\win64\proj\openseesnet\x64\debug\idwrapper.obj
d:\programming\opensees.net\win64\proj\openseesnet\x64\debug\yieldsurfacewrapper.obj
d:\programming\opensees.net\win64\proj\openseesnet\x64\debug\uniaxialmaterialwrapper_all.obj
d:\programming\opensees.net\win64\proj\openseesnet\x64\debug\uniaxialmaterialwrapper.obj
d:\programming\opensees.net\win64\proj\openseesnet\x64\debug\limitcurvewrapper.obj
d:\programming\opensees.net\win64\proj\openseesnet\x64\debug\sectionforcedeformationwrapper.obj
d:\programming\opensees.net\win64\proj\openseesnet\x64\debug\sectionrepreswrapper.obj
d:\programming\opensees.net\win64\proj\openseesnet\x64\debug\reinflayerwrapper.obj
d:\programming\opensees.net\win64\proj\openseesnet\x64\debug\patchwrapper.obj
d:\programming\opensees.net\win64\proj\openseesnet\x64\debug\sectionintegrationwrapper.obj
d:\programming\opensees.net\win64\proj\openseesnet\x64\debug\fiberwrapper.obj
d:\programming\opensees.net\win64\proj\openseesnet\x64\debug\ndmaterialwrapper.obj
d:\programming\opensees.net\win64\proj\openseesnet\x64\debug\materialwrapper.obj
d:\programming\opensees.net\win64\proj\openseesnet\x64\debug\handlerwrapper.obj
d:\programming\opensees.net\win64\proj\openseesnet\x64\debug\graphnumbererwrapper.obj
d:\programming\opensees.net\win64\proj\openseesnet\x64\debug\zerolengthelementwrapper.obj
d:\programming\opensees.net\win64\proj\openseesnet\x64\debug\coupledzerolengthwrapper.obj
d:\programming\opensees.net\win64\proj\openseesnet\x64\debug\ulbeamcolumnwrapper.obj
d:\programming\opensees.net\win64\proj\openseesnet\x64\debug\ops.sbr
d:\programming\opensees.net\win64\proj\openseesnet\x64\debug\informationwrapper.sbr
d:\programming\opensees.net\win64\proj\openseesnet\x64\debug\recorderwrapper.sbr
d:\programming\opensees.net\win64\proj\openseesnet\x64\debug\responsewrapper.sbr
d:\programming\opensees.net\win64\proj\openseesnet\x64\debug\responsewrapper_all.sbr
d:\programming\opensees.net\win64\proj\openseesnet\x64\debug\arpacksoewrapper.sbr
d:\programming\opensees.net\win64\proj\openseesnet\x64\debug\bandgenwrapper.sbr
d:\programming\opensees.net\win64\proj\openseesnet\x64\debug\bandspdwrapper.sbr
d:\programming\opensees.net\win64\proj\openseesnet\x64\debug\diagonalwrapper.sbr
d:\programming\opensees.net\win64\proj\openseesnet\x64\debug\eigensoewrapper.sbr
d:\programming\opensees.net\win64\proj\openseesnet\x64\debug\eigensolverwrapper.sbr
d:\programming\opensees.net\win64\proj\openseesnet\x64\debug\fullgenwrapper.sbr
d:\programming\opensees.net\win64\proj\openseesnet\x64\debug\linearsoesolverwrapper.sbr
d:\programming\opensees.net\win64\proj\openseesnet\x64\debug\linearsoewrapper.sbr
d:\programming\opensees.net\win64\proj\openseesnet\x64\debug\profilespdwrapper.sbr
d:\programming\opensees.net\win64\proj\openseesnet\x64\debug\solverwrapper.sbr
d:\programming\opensees.net\win64\proj\openseesnet\x64\debug\sparsegenwrapper.sbr
d:\programming\opensees.net\win64\proj\openseesnet\x64\debug\sparsesymwrapper.sbr
d:\programming\opensees.net\win64\proj\openseesnet\x64\debug\symbandeigenwrapper.sbr
d:\programming\opensees.net\win64\proj\openseesnet\x64\debug\systemofeqnwrapper.sbr
d:\programming\opensees.net\win64\proj\openseesnet\x64\debug\systemofeqnwrapper.obj
d:\programming\opensees.net\win64\proj\openseesnet\x64\debug\symbandeigenwrapper.obj
d:\programming\opensees.net\win64\proj\openseesnet\x64\debug\sparsesymwrapper.obj
d:\programming\opensees.net\win64\proj\openseesnet\x64\debug\sparsegenwrapper.obj
d:\programming\opensees.net\win64\proj\openseesnet\x64\debug\solverwrapper.obj
d:\programming\opensees.net\win64\proj\openseesnet\x64\debug\profilespdwrapper.obj
d:\programming\opensees.net\win64\proj\openseesnet\x64\debug\linearsoewrapper.obj
d:\programming\opensees.net\win64\proj\openseesnet\x64\debug\linearsoesolverwrapper.obj
d:\programming\opensees.net\win64\proj\openseesnet\x64\debug\fullgenwrapper.obj
d:\programming\opensees.net\win64\proj\openseesnet\x64\debug\eigensolverwrapper.obj
d:\programming\opensees.net\win64\proj\openseesnet\x64\debug\eigensoewrapper.obj
d:\programming\opensees.net\win64\proj\openseesnet\x64\debug\diagonalwrapper.obj
d:\programming\opensees.net\win64\proj\openseesnet\x64\debug\bandspdwrapper.obj
d:\programming\opensees.net\win64\proj\openseesnet\x64\debug\bandgenwrapper.obj
d:\programming\opensees.net\win64\proj\openseesnet\x64\debug\arpacksoewrapper.obj
d:\programming\opensees.net\win64\proj\openseesnet\x64\debug\responsewrapper_all.obj
d:\programming\opensees.net\win64\proj\openseesnet\x64\debug\responsewrapper.obj
d:\programming\opensees.net\win64\proj\openseesnet\x64\debug\recorderwrapper.obj
d:\programming\opensees.net\win64\proj\openseesnet\x64\debug\informationwrapper.obj
d:\programming\opensees.net\win64\proj\openseesnet\x64\debug\ops.obj
d:\programming\opensees.net\win64\proj\openseesnet\x64\debug\umfpackgenwrapper.sbr
d:\programming\opensees.net\win64\proj\openseesnet\x64\debug\taggedobjectwrapper.sbr
d:\programming\opensees.net\win64\proj\openseesnet\x64\debug\modelbuilderevent.sbr
d:\programming\opensees.net\win64\proj\openseesnet\x64\debug\tclwrapper.sbr
d:\programming\opensees.net\win64\proj\openseesnet\x64\debug\tclwrapper.obj
d:\programming\opensees.net\win64\proj\openseesnet\x64\debug\modelbuilderevent.obj
d:\programming\opensees.net\win64\proj\openseesnet\x64\debug\taggedobjectwrapper.obj
d:\programming\opensees.net\win64\proj\openseesnet\x64\debug\umfpackgenwrapper.obj
d:\programming\opensees.net\win64\proj\openseesnet\x64\debug\.netframework,version=v4.0.assemblyattributes.sbr
d:\programming\opensees.net\win64\proj\openseesnet\x64\debug\.netframework,version=v4.0.assemblyattributes.obj
d:\programming\opensees.net\win64\proj\openseesnet\x64\debug\.netframework,version=v4.0.assemblyattributes.asm
f:\omran elm afzar\opensees.net new\opensees.net\win64\proj\openseesnet\x64\debug\opensees.net.x64.dll.pch
f:\omran elm afzar\opensees.net new\opensees.net\win64\proj\openseesnet\x64\debug\vc142.pdb
f:\omran elm afzar\opensees.net new\opensees.net\win64\proj\openseesnet\x64\debug\stdafx.sbr
f:\omran elm afzar\opensees.net new\opensees.net\win64\proj\openseesnet\x64\debug\stdafx.obj
f:\omran elm afzar\opensees.net new\opensees.net\win64\proj\openseesnet\x64\debug\acceleratorwrapper.sbr
f:\omran elm afzar\opensees.net new\opensees.net\win64\proj\openseesnet\x64\debug\algorithmswrapper.sbr
f:\omran elm afzar\opensees.net new\opensees.net\win64\proj\openseesnet\x64\debug\linesearchwrapper.sbr
f:\omran elm afzar\opensees.net new\opensees.net\win64\proj\openseesnet\x64\debug\analysiswrapper.sbr
f:\omran elm afzar\opensees.net new\opensees.net\win64\proj\openseesnet\x64\debug\constrainthandlerwrapper.sbr
f:\omran elm afzar\opensees.net new\opensees.net\win64\proj\openseesnet\x64\debug\incrementalintegratorwrapper.sbr
f:\omran elm afzar\opensees.net new\opensees.net\win64\proj\openseesnet\x64\debug\integratorwrapper.sbr
f:\omran elm afzar\opensees.net new\opensees.net\win64\proj\openseesnet\x64\debug\staticintegratorwrapper.sbr
f:\omran elm afzar\opensees.net new\opensees.net\win64\proj\openseesnet\x64\debug\transientintegratorwrapper.sbr
f:\omran elm afzar\opensees.net new\opensees.net\win64\proj\openseesnet\x64\debug\analysismodelwrapper.sbr
f:\omran elm afzar\opensees.net new\opensees.net\win64\proj\openseesnet\x64\debug\dof_numbererwrapper.sbr
f:\omran elm afzar\opensees.net new\opensees.net\win64\proj\openseesnet\x64\debug\assemblyinfo.sbr
f:\omran elm afzar\opensees.net new\opensees.net\win64\proj\openseesnet\x64\debug\convergencetestwrapper.sbr
f:\omran elm afzar\opensees.net new\opensees.net\win64\proj\openseesnet\x64\debug\damagemodelwrapper.sbr
f:\omran elm afzar\opensees.net new\opensees.net\win64\proj\openseesnet\x64\debug\domaincomponentwrapper.sbr
f:\omran elm afzar\opensees.net new\opensees.net\win64\proj\openseesnet\x64\debug\constraintwrapper.sbr
f:\omran elm afzar\opensees.net new\opensees.net\win64\proj\openseesnet\x64\debug\basedomainwrapper.sbr
f:\omran elm afzar\opensees.net new\opensees.net\win64\proj\openseesnet\x64\debug\domainevent.sbr
f:\omran elm afzar\opensees.net new\opensees.net\win64\proj\openseesnet\x64\debug\domainwrapper.sbr
f:\omran elm afzar\opensees.net new\opensees.net\win64\proj\openseesnet\x64\debug\groudmotionwrapper.sbr
f:\omran elm afzar\opensees.net new\opensees.net\win64\proj\openseesnet\x64\debug\groudmotionwrapper.obj
f:\omran elm afzar\opensees.net new\opensees.net\win64\proj\openseesnet\x64\debug\domainwrapper.obj
f:\omran elm afzar\opensees.net new\opensees.net\win64\proj\openseesnet\x64\debug\domainevent.obj
f:\omran elm afzar\opensees.net new\opensees.net\win64\proj\openseesnet\x64\debug\basedomainwrapper.obj
f:\omran elm afzar\opensees.net new\opensees.net\win64\proj\openseesnet\x64\debug\constraintwrapper.obj
f:\omran elm afzar\opensees.net new\opensees.net\win64\proj\openseesnet\x64\debug\domaincomponentwrapper.obj
f:\omran elm afzar\opensees.net new\opensees.net\win64\proj\openseesnet\x64\debug\damagemodelwrapper.obj
f:\omran elm afzar\opensees.net new\opensees.net\win64\proj\openseesnet\x64\debug\convergencetestwrapper.obj
f:\omran elm afzar\opensees.net new\opensees.net\win64\proj\openseesnet\x64\debug\assemblyinfo.obj
f:\omran elm afzar\opensees.net new\opensees.net\win64\proj\openseesnet\x64\debug\dof_numbererwrapper.obj
f:\omran elm afzar\opensees.net new\opensees.net\win64\proj\openseesnet\x64\debug\analysismodelwrapper.obj
f:\omran elm afzar\opensees.net new\opensees.net\win64\proj\openseesnet\x64\debug\transientintegratorwrapper.obj
f:\omran elm afzar\opensees.net new\opensees.net\win64\proj\openseesnet\x64\debug\staticintegratorwrapper.obj
f:\omran elm afzar\opensees.net new\opensees.net\win64\proj\openseesnet\x64\debug\integratorwrapper.obj
f:\omran elm afzar\opensees.net new\opensees.net\win64\proj\openseesnet\x64\debug\incrementalintegratorwrapper.obj
f:\omran elm afzar\opensees.net new\opensees.net\win64\proj\openseesnet\x64\debug\constrainthandlerwrapper.obj
f:\omran elm afzar\opensees.net new\opensees.net\win64\proj\openseesnet\x64\debug\analysiswrapper.obj
f:\omran elm afzar\opensees.net new\opensees.net\win64\proj\openseesnet\x64\debug\linesearchwrapper.obj
f:\omran elm afzar\opensees.net new\opensees.net\win64\proj\openseesnet\x64\debug\algorithmswrapper.obj
f:\omran elm afzar\opensees.net new\opensees.net\win64\proj\openseesnet\x64\debug\acceleratorwrapper.obj
f:\omran elm afzar\opensees.net new\opensees.net\win64\proj\openseesnet\x64\debug\loadwrapper.sbr
f:\omran elm afzar\opensees.net new\opensees.net\win64\proj\openseesnet\x64\debug\nodewrapper.sbr
f:\omran elm afzar\opensees.net new\opensees.net\win64\proj\openseesnet\x64\debug\loadpatternwrapper.sbr
f:\omran elm afzar\opensees.net new\opensees.net\win64\proj\openseesnet\x64\debug\timeserieswrapper.sbr
f:\omran elm afzar\opensees.net new\opensees.net\win64\proj\openseesnet\x64\debug\adapterwrapper.sbr
f:\omran elm afzar\opensees.net new\opensees.net\win64\proj\openseesnet\x64\debug\baseelementwrapper.sbr
f:\omran elm afzar\opensees.net new\opensees.net\win64\proj\openseesnet\x64\debug\beamcolumnwrapper.sbr
f:\omran elm afzar\opensees.net new\opensees.net\win64\proj\openseesnet\x64\debug\beamintegrationwrapper.sbr
f:\omran elm afzar\opensees.net new\opensees.net\win64\proj\openseesnet\x64\debug\bearingwrapper.sbr
f:\omran elm afzar\opensees.net new\opensees.net\win64\proj\openseesnet\x64\debug\brickwrapper.sbr
f:\omran elm afzar\opensees.net new\opensees.net\win64\proj\openseesnet\x64\debug\catenarycablewrapper.sbr
f:\omran elm afzar\opensees.net new\opensees.net\win64\proj\openseesnet\x64\debug\crdtransfwrapper.sbr
f:\omran elm afzar\opensees.net new\opensees.net\win64\proj\openseesnet\x64\debug\elementwrapper.sbr
f:\omran elm afzar\opensees.net new\opensees.net\win64\proj\openseesnet\x64\debug\externalelementwrapper.sbr
f:\omran elm afzar\opensees.net new\opensees.net\win64\proj\openseesnet\x64\debug\otherelementwrapper.sbr
f:\omran elm afzar\opensees.net new\opensees.net\win64\proj\openseesnet\x64\debug\quad4fiberoverlaywrapper.sbr
f:\omran elm afzar\opensees.net new\opensees.net\win64\proj\openseesnet\x64\debug\surfaceloadwrapper.sbr
f:\omran elm afzar\opensees.net new\opensees.net\win64\proj\openseesnet\x64\debug\quadwrapper.sbr
f:\omran elm afzar\opensees.net new\opensees.net\win64\proj\openseesnet\x64\debug\shellwrapper.sbr
f:\omran elm afzar\opensees.net new\opensees.net\win64\proj\openseesnet\x64\debug\trusswrapper.sbr
f:\omran elm afzar\opensees.net new\opensees.net\win64\proj\openseesnet\x64\debug\trusswrapper.obj
f:\omran elm afzar\opensees.net new\opensees.net\win64\proj\openseesnet\x64\debug\shellwrapper.obj
f:\omran elm afzar\opensees.net new\opensees.net\win64\proj\openseesnet\x64\debug\quadwrapper.obj
f:\omran elm afzar\opensees.net new\opensees.net\win64\proj\openseesnet\x64\debug\surfaceloadwrapper.obj
f:\omran elm afzar\opensees.net new\opensees.net\win64\proj\openseesnet\x64\debug\quad4fiberoverlaywrapper.obj
f:\omran elm afzar\opensees.net new\opensees.net\win64\proj\openseesnet\x64\debug\otherelementwrapper.obj
f:\omran elm afzar\opensees.net new\opensees.net\win64\proj\openseesnet\x64\debug\externalelementwrapper.obj
f:\omran elm afzar\opensees.net new\opensees.net\win64\proj\openseesnet\x64\debug\elementwrapper.obj
f:\omran elm afzar\opensees.net new\opensees.net\win64\proj\openseesnet\x64\debug\crdtransfwrapper.obj
f:\omran elm afzar\opensees.net new\opensees.net\win64\proj\openseesnet\x64\debug\catenarycablewrapper.obj
f:\omran elm afzar\opensees.net new\opensees.net\win64\proj\openseesnet\x64\debug\brickwrapper.obj
f:\omran elm afzar\opensees.net new\opensees.net\win64\proj\openseesnet\x64\debug\bearingwrapper.obj
f:\omran elm afzar\opensees.net new\opensees.net\win64\proj\openseesnet\x64\debug\beamintegrationwrapper.obj
f:\omran elm afzar\opensees.net new\opensees.net\win64\proj\openseesnet\x64\debug\beamcolumnwrapper.obj
f:\omran elm afzar\opensees.net new\opensees.net\win64\proj\openseesnet\x64\debug\baseelementwrapper.obj
f:\omran elm afzar\opensees.net new\opensees.net\win64\proj\openseesnet\x64\debug\adapterwrapper.obj
f:\omran elm afzar\opensees.net new\opensees.net\win64\proj\openseesnet\x64\debug\timeserieswrapper.obj
f:\omran elm afzar\opensees.net new\opensees.net\win64\proj\openseesnet\x64\debug\loadpatternwrapper.obj
f:\omran elm afzar\opensees.net new\opensees.net\win64\proj\openseesnet\x64\debug\nodewrapper.obj
f:\omran elm afzar\opensees.net new\opensees.net\win64\proj\openseesnet\x64\debug\loadwrapper.obj
f:\omran elm afzar\opensees.net new\opensees.net\win64\proj\openseesnet\x64\debug\ulbeamcolumnwrapper.sbr
f:\omran elm afzar\opensees.net new\opensees.net\win64\proj\openseesnet\x64\debug\coupledzerolengthwrapper.sbr
f:\omran elm afzar\opensees.net new\opensees.net\win64\proj\openseesnet\x64\debug\zerolengthelementwrapper.sbr
f:\omran elm afzar\opensees.net new\opensees.net\win64\proj\openseesnet\x64\debug\graphnumbererwrapper.sbr
f:\omran elm afzar\opensees.net new\opensees.net\win64\proj\openseesnet\x64\debug\handlerwrapper.sbr
f:\omran elm afzar\opensees.net new\opensees.net\win64\proj\openseesnet\x64\debug\materialwrapper.sbr
f:\omran elm afzar\opensees.net new\opensees.net\win64\proj\openseesnet\x64\debug\ndmaterialwrapper.sbr
f:\omran elm afzar\opensees.net new\opensees.net\win64\proj\openseesnet\x64\debug\fiberwrapper.sbr
f:\omran elm afzar\opensees.net new\opensees.net\win64\proj\openseesnet\x64\debug\sectionintegrationwrapper.sbr
f:\omran elm afzar\opensees.net new\opensees.net\win64\proj\openseesnet\x64\debug\patchwrapper.sbr
f:\omran elm afzar\opensees.net new\opensees.net\win64\proj\openseesnet\x64\debug\reinflayerwrapper.sbr
f:\omran elm afzar\opensees.net new\opensees.net\win64\proj\openseesnet\x64\debug\sectionrepreswrapper.sbr
f:\omran elm afzar\opensees.net new\opensees.net\win64\proj\openseesnet\x64\debug\sectionforcedeformationwrapper.sbr
f:\omran elm afzar\opensees.net new\opensees.net\win64\proj\openseesnet\x64\debug\limitcurvewrapper.sbr
f:\omran elm afzar\opensees.net new\opensees.net\win64\proj\openseesnet\x64\debug\uniaxialmaterialwrapper.sbr
f:\omran elm afzar\opensees.net new\opensees.net\win64\proj\openseesnet\x64\debug\uniaxialmaterialwrapper_all.sbr
f:\omran elm afzar\opensees.net new\opensees.net\win64\proj\openseesnet\x64\debug\yieldsurfacewrapper.sbr
f:\omran elm afzar\opensees.net new\opensees.net\win64\proj\openseesnet\x64\debug\idwrapper.sbr
f:\omran elm afzar\opensees.net new\opensees.net\win64\proj\openseesnet\x64\debug\matrixwrapper.sbr
f:\omran elm afzar\opensees.net new\opensees.net\win64\proj\openseesnet\x64\debug\vectorwrapper.sbr
f:\omran elm afzar\opensees.net new\opensees.net\win64\proj\openseesnet\x64\debug\vectorwrapper.obj
f:\omran elm afzar\opensees.net new\opensees.net\win64\proj\openseesnet\x64\debug\matrixwrapper.obj
f:\omran elm afzar\opensees.net new\opensees.net\win64\proj\openseesnet\x64\debug\idwrapper.obj
f:\omran elm afzar\opensees.net new\opensees.net\win64\proj\openseesnet\x64\debug\yieldsurfacewrapper.obj
f:\omran elm afzar\opensees.net new\opensees.net\win64\proj\openseesnet\x64\debug\uniaxialmaterialwrapper_all.obj
f:\omran elm afzar\opensees.net new\opensees.net\win64\proj\openseesnet\x64\debug\uniaxialmaterialwrapper.obj
f:\omran elm afzar\opensees.net new\opensees.net\win64\proj\openseesnet\x64\debug\limitcurvewrapper.obj
f:\omran elm afzar\opensees.net new\opensees.net\win64\proj\openseesnet\x64\debug\sectionforcedeformationwrapper.obj
f:\omran elm afzar\opensees.net new\opensees.net\win64\proj\openseesnet\x64\debug\sectionrepreswrapper.obj
f:\omran elm afzar\opensees.net new\opensees.net\win64\proj\openseesnet\x64\debug\reinflayerwrapper.obj
f:\omran elm afzar\opensees.net new\opensees.net\win64\proj\openseesnet\x64\debug\patchwrapper.obj
f:\omran elm afzar\opensees.net new\opensees.net\win64\proj\openseesnet\x64\debug\sectionintegrationwrapper.obj
f:\omran elm afzar\opensees.net new\opensees.net\win64\proj\openseesnet\x64\debug\fiberwrapper.obj
f:\omran elm afzar\opensees.net new\opensees.net\win64\proj\openseesnet\x64\debug\ndmaterialwrapper.obj
f:\omran elm afzar\opensees.net new\opensees.net\win64\proj\openseesnet\x64\debug\materialwrapper.obj
f:\omran elm afzar\opensees.net new\opensees.net\win64\proj\openseesnet\x64\debug\handlerwrapper.obj
f:\omran elm afzar\opensees.net new\opensees.net\win64\proj\openseesnet\x64\debug\graphnumbererwrapper.obj
f:\omran elm afzar\opensees.net new\opensees.net\win64\proj\openseesnet\x64\debug\zerolengthelementwrapper.obj
f:\omran elm afzar\opensees.net new\opensees.net\win64\proj\openseesnet\x64\debug\coupledzerolengthwrapper.obj
f:\omran elm afzar\opensees.net new\opensees.net\win64\proj\openseesnet\x64\debug\ulbeamcolumnwrapper.obj
f:\omran elm afzar\opensees.net new\opensees.net\win64\proj\openseesnet\x64\debug\ops.sbr
f:\omran elm afzar\opensees.net new\opensees.net\win64\proj\openseesnet\x64\debug\informationwrapper.sbr
f:\omran elm afzar\opensees.net new\opensees.net\win64\proj\openseesnet\x64\debug\recorderwrapper.sbr
f:\omran elm afzar\opensees.net new\opensees.net\win64\proj\openseesnet\x64\debug\responsewrapper.sbr
f:\omran elm afzar\opensees.net new\opensees.net\win64\proj\openseesnet\x64\debug\responsewrapper_all.sbr
f:\omran elm afzar\opensees.net new\opensees.net\win64\proj\openseesnet\x64\debug\arpacksoewrapper.sbr
f:\omran elm afzar\opensees.net new\opensees.net\win64\proj\openseesnet\x64\debug\bandgenwrapper.sbr
f:\omran elm afzar\opensees.net new\opensees.net\win64\proj\openseesnet\x64\debug\bandspdwrapper.sbr
f:\omran elm afzar\opensees.net new\opensees.net\win64\proj\openseesnet\x64\debug\diagonalwrapper.sbr
f:\omran elm afzar\opensees.net new\opensees.net\win64\proj\openseesnet\x64\debug\eigensoewrapper.sbr
f:\omran elm afzar\opensees.net new\opensees.net\win64\proj\openseesnet\x64\debug\eigensolverwrapper.sbr
f:\omran elm afzar\opensees.net new\opensees.net\win64\proj\openseesnet\x64\debug\fullgenwrapper.sbr
f:\omran elm afzar\opensees.net new\opensees.net\win64\proj\openseesnet\x64\debug\linearsoesolverwrapper.sbr
f:\omran elm afzar\opensees.net new\opensees.net\win64\proj\openseesnet\x64\debug\linearsoewrapper.sbr
f:\omran elm afzar\opensees.net new\opensees.net\win64\proj\openseesnet\x64\debug\profilespdwrapper.sbr
f:\omran elm afzar\opensees.net new\opensees.net\win64\proj\openseesnet\x64\debug\solverwrapper.sbr
f:\omran elm afzar\opensees.net new\opensees.net\win64\proj\openseesnet\x64\debug\sparsegenwrapper.sbr
f:\omran elm afzar\opensees.net new\opensees.net\win64\proj\openseesnet\x64\debug\sparsesymwrapper.sbr
f:\omran elm afzar\opensees.net new\opensees.net\win64\proj\openseesnet\x64\debug\symbandeigenwrapper.sbr
f:\omran elm afzar\opensees.net new\opensees.net\win64\proj\openseesnet\x64\debug\systemofeqnwrapper.sbr
f:\omran elm afzar\opensees.net new\opensees.net\win64\proj\openseesnet\x64\debug\systemofeqnwrapper.obj
f:\omran elm afzar\opensees.net new\opensees.net\win64\proj\openseesnet\x64\debug\symbandeigenwrapper.obj
f:\omran elm afzar\opensees.net new\opensees.net\win64\proj\openseesnet\x64\debug\sparsesymwrapper.obj
f:\omran elm afzar\opensees.net new\opensees.net\win64\proj\openseesnet\x64\debug\sparsegenwrapper.obj
f:\omran elm afzar\opensees.net new\opensees.net\win64\proj\openseesnet\x64\debug\solverwrapper.obj
f:\omran elm afzar\opensees.net new\opensees.net\win64\proj\openseesnet\x64\debug\profilespdwrapper.obj
f:\omran elm afzar\opensees.net new\opensees.net\win64\proj\openseesnet\x64\debug\linearsoewrapper.obj
f:\omran elm afzar\opensees.net new\opensees.net\win64\proj\openseesnet\x64\debug\linearsoesolverwrapper.obj
f:\omran elm afzar\opensees.net new\opensees.net\win64\proj\openseesnet\x64\debug\fullgenwrapper.obj
f:\omran elm afzar\opensees.net new\opensees.net\win64\proj\openseesnet\x64\debug\eigensolverwrapper.obj
f:\omran elm afzar\opensees.net new\opensees.net\win64\proj\openseesnet\x64\debug\eigensoewrapper.obj
f:\omran elm afzar\opensees.net new\opensees.net\win64\proj\openseesnet\x64\debug\diagonalwrapper.obj
f:\omran elm afzar\opensees.net new\opensees.net\win64\proj\openseesnet\x64\debug\bandspdwrapper.obj
f:\omran elm afzar\opensees.net new\opensees.net\win64\proj\openseesnet\x64\debug\bandgenwrapper.obj
f:\omran elm afzar\opensees.net new\opensees.net\win64\proj\openseesnet\x64\debug\arpacksoewrapper.obj
f:\omran elm afzar\opensees.net new\opensees.net\win64\proj\openseesnet\x64\debug\responsewrapper_all.obj
f:\omran elm afzar\opensees.net new\opensees.net\win64\proj\openseesnet\x64\debug\responsewrapper.obj
f:\omran elm afzar\opensees.net new\opensees.net\win64\proj\openseesnet\x64\debug\recorderwrapper.obj
f:\omran elm afzar\opensees.net new\opensees.net\win64\proj\openseesnet\x64\debug\informationwrapper.obj
f:\omran elm afzar\opensees.net new\opensees.net\win64\proj\openseesnet\x64\debug\ops.obj
f:\omran elm afzar\opensees.net new\opensees.net\win64\proj\openseesnet\x64\debug\umfpackgenwrapper.sbr
f:\omran elm afzar\opensees.net new\opensees.net\win64\proj\openseesnet\x64\debug\taggedobjectwrapper.sbr
f:\omran elm afzar\opensees.net new\opensees.net\win64\proj\openseesnet\x64\debug\modelbuilderevent.sbr
f:\omran elm afzar\opensees.net new\opensees.net\win64\proj\openseesnet\x64\debug\tclwrapper.sbr
f:\omran elm afzar\opensees.net new\opensees.net\win64\proj\openseesnet\x64\debug\tclwrapper.obj
f:\omran elm afzar\opensees.net new\opensees.net\win64\proj\openseesnet\x64\debug\modelbuilderevent.obj
f:\omran elm afzar\opensees.net new\opensees.net\win64\proj\openseesnet\x64\debug\taggedobjectwrapper.obj
f:\omran elm afzar\opensees.net new\opensees.net\win64\proj\openseesnet\x64\debug\umfpackgenwrapper.obj
f:\omran elm afzar\opensees.net new\opensees.net\win64\proj\openseesnet\x64\debug\.netframework,version=v4.0.assemblyattributes.sbr
f:\omran elm afzar\opensees.net new\opensees.net\win64\proj\openseesnet\x64\debug\.netframework,version=v4.0.assemblyattributes.obj
f:\omran elm afzar\opensees.net new\opensees.net\win64\proj\openseesnet\x64\debug\.netframework,version=v4.0.assemblyattributes.asm
i:\omranelmafzar\opensees\win64\proj\openseesnet\x64\debug\opensees.net.x64.dll.pch
i:\omranelmafzar\opensees\win64\proj\openseesnet\x64\debug\vc143.pdb
i:\omranelmafzar\opensees\win64\proj\openseesnet\x64\debug\stdafx.sbr
i:\omranelmafzar\opensees\win64\proj\openseesnet\x64\debug\stdafx.obj
i:\omranelmafzar\opensees\win64\proj\openseesnet\x64\debug\acceleratorwrapper.sbr
i:\omranelmafzar\opensees\win64\proj\openseesnet\x64\debug\algorithmswrapper.sbr
i:\omranelmafzar\opensees\win64\proj\openseesnet\x64\debug\linesearchwrapper.sbr
i:\omranelmafzar\opensees\win64\proj\openseesnet\x64\debug\analysiswrapper.sbr
i:\omranelmafzar\opensees\win64\proj\openseesnet\x64\debug\constrainthandlerwrapper.sbr
i:\omranelmafzar\opensees\win64\proj\openseesnet\x64\debug\incrementalintegratorwrapper.sbr
i:\omranelmafzar\opensees\win64\proj\openseesnet\x64\debug\integratorwrapper.sbr
i:\omranelmafzar\opensees\win64\proj\openseesnet\x64\debug\staticintegratorwrapper.sbr
i:\omranelmafzar\opensees\win64\proj\openseesnet\x64\debug\transientintegratorwrapper.sbr
i:\omranelmafzar\opensees\win64\proj\openseesnet\x64\debug\analysismodelwrapper.sbr
i:\omranelmafzar\opensees\win64\proj\openseesnet\x64\debug\dof_numbererwrapper.sbr
i:\omranelmafzar\opensees\win64\proj\openseesnet\x64\debug\assemblyinfo.sbr
i:\omranelmafzar\opensees\win64\proj\openseesnet\x64\debug\convergencetestwrapper.sbr
i:\omranelmafzar\opensees\win64\proj\openseesnet\x64\debug\damagemodelwrapper.sbr
i:\omranelmafzar\opensees\win64\proj\openseesnet\x64\debug\domaincomponentwrapper.sbr
i:\omranelmafzar\opensees\win64\proj\openseesnet\x64\debug\constraintwrapper.sbr
i:\omranelmafzar\opensees\win64\proj\openseesnet\x64\debug\basedomainwrapper.sbr
i:\omranelmafzar\opensees\win64\proj\openseesnet\x64\debug\domainevent.sbr
i:\omranelmafzar\opensees\win64\proj\openseesnet\x64\debug\domainwrapper.sbr
i:\omranelmafzar\opensees\win64\proj\openseesnet\x64\debug\groudmotionwrapper.sbr
i:\omranelmafzar\opensees\win64\proj\openseesnet\x64\debug\groudmotionwrapper.obj
i:\omranelmafzar\opensees\win64\proj\openseesnet\x64\debug\domainwrapper.obj
i:\omranelmafzar\opensees\win64\proj\openseesnet\x64\debug\domainevent.obj
i:\omranelmafzar\opensees\win64\proj\openseesnet\x64\debug\basedomainwrapper.obj
i:\omranelmafzar\opensees\win64\proj\openseesnet\x64\debug\constraintwrapper.obj
i:\omranelmafzar\opensees\win64\proj\openseesnet\x64\debug\domaincomponentwrapper.obj
i:\omranelmafzar\opensees\win64\proj\openseesnet\x64\debug\damagemodelwrapper.obj
i:\omranelmafzar\opensees\win64\proj\openseesnet\x64\debug\convergencetestwrapper.obj
i:\omranelmafzar\opensees\win64\proj\openseesnet\x64\debug\assemblyinfo.obj
i:\omranelmafzar\opensees\win64\proj\openseesnet\x64\debug\dof_numbererwrapper.obj
i:\omranelmafzar\opensees\win64\proj\openseesnet\x64\debug\analysismodelwrapper.obj
i:\omranelmafzar\opensees\win64\proj\openseesnet\x64\debug\transientintegratorwrapper.obj
i:\omranelmafzar\opensees\win64\proj\openseesnet\x64\debug\staticintegratorwrapper.obj
i:\omranelmafzar\opensees\win64\proj\openseesnet\x64\debug\integratorwrapper.obj
i:\omranelmafzar\opensees\win64\proj\openseesnet\x64\debug\incrementalintegratorwrapper.obj
i:\omranelmafzar\opensees\win64\proj\openseesnet\x64\debug\constrainthandlerwrapper.obj
i:\omranelmafzar\opensees\win64\proj\openseesnet\x64\debug\analysiswrapper.obj
i:\omranelmafzar\opensees\win64\proj\openseesnet\x64\debug\linesearchwrapper.obj
i:\omranelmafzar\opensees\win64\proj\openseesnet\x64\debug\algorithmswrapper.obj
i:\omranelmafzar\opensees\win64\proj\openseesnet\x64\debug\acceleratorwrapper.obj
i:\omranelmafzar\opensees\win64\proj\openseesnet\x64\debug\loadwrapper.sbr
i:\omranelmafzar\opensees\win64\proj\openseesnet\x64\debug\nodewrapper.sbr
i:\omranelmafzar\opensees\win64\proj\openseesnet\x64\debug\loadpatternwrapper.sbr
i:\omranelmafzar\opensees\win64\proj\openseesnet\x64\debug\timeserieswrapper.sbr
i:\omranelmafzar\opensees\win64\proj\openseesnet\x64\debug\adapterwrapper.sbr
i:\omranelmafzar\opensees\win64\proj\openseesnet\x64\debug\baseelementwrapper.sbr
i:\omranelmafzar\opensees\win64\proj\openseesnet\x64\debug\beamcolumnwrapper.sbr
i:\omranelmafzar\opensees\win64\proj\openseesnet\x64\debug\beamintegrationwrapper.sbr
i:\omranelmafzar\opensees\win64\proj\openseesnet\x64\debug\bearingwrapper.sbr
i:\omranelmafzar\opensees\win64\proj\openseesnet\x64\debug\brickwrapper.sbr
i:\omranelmafzar\opensees\win64\proj\openseesnet\x64\debug\catenarycablewrapper.sbr
i:\omranelmafzar\opensees\win64\proj\openseesnet\x64\debug\crdtransfwrapper.sbr
i:\omranelmafzar\opensees\win64\proj\openseesnet\x64\debug\elementwrapper.sbr
i:\omranelmafzar\opensees\win64\proj\openseesnet\x64\debug\externalelementwrapper.sbr
i:\omranelmafzar\opensees\win64\proj\openseesnet\x64\debug\otherelementwrapper.sbr
i:\omranelmafzar\opensees\win64\proj\openseesnet\x64\debug\quad4fiberoverlaywrapper.sbr
i:\omranelmafzar\opensees\win64\proj\openseesnet\x64\debug\surfaceloadwrapper.sbr
i:\omranelmafzar\opensees\win64\proj\openseesnet\x64\debug\quadwrapper.sbr
i:\omranelmafzar\opensees\win64\proj\openseesnet\x64\debug\shellwrapper.sbr
i:\omranelmafzar\opensees\win64\proj\openseesnet\x64\debug\trusswrapper.sbr
i:\omranelmafzar\opensees\win64\proj\openseesnet\x64\debug\trusswrapper.obj
i:\omranelmafzar\opensees\win64\proj\openseesnet\x64\debug\shellwrapper.obj
i:\omranelmafzar\opensees\win64\proj\openseesnet\x64\debug\quadwrapper.obj
i:\omranelmafzar\opensees\win64\proj\openseesnet\x64\debug\surfaceloadwrapper.obj
i:\omranelmafzar\opensees\win64\proj\openseesnet\x64\debug\quad4fiberoverlaywrapper.obj
i:\omranelmafzar\opensees\win64\proj\openseesnet\x64\debug\otherelementwrapper.obj
i:\omranelmafzar\opensees\win64\proj\openseesnet\x64\debug\externalelementwrapper.obj
i:\omranelmafzar\opensees\win64\proj\openseesnet\x64\debug\elementwrapper.obj
i:\omranelmafzar\opensees\win64\proj\openseesnet\x64\debug\crdtransfwrapper.obj
i:\omranelmafzar\opensees\win64\proj\openseesnet\x64\debug\catenarycablewrapper.obj
i:\omranelmafzar\opensees\win64\proj\openseesnet\x64\debug\brickwrapper.obj
i:\omranelmafzar\opensees\win64\proj\openseesnet\x64\debug\bearingwrapper.obj
i:\omranelmafzar\opensees\win64\proj\openseesnet\x64\debug\beamintegrationwrapper.obj
i:\omranelmafzar\opensees\win64\proj\openseesnet\x64\debug\beamcolumnwrapper.obj
i:\omranelmafzar\opensees\win64\proj\openseesnet\x64\debug\baseelementwrapper.obj
i:\omranelmafzar\opensees\win64\proj\openseesnet\x64\debug\timeserieswrapper.obj
i:\omranelmafzar\opensees\win64\proj\openseesnet\x64\debug\loadpatternwrapper.obj
i:\omranelmafzar\opensees\win64\proj\openseesnet\x64\debug\nodewrapper.obj
i:\omranelmafzar\opensees\win64\proj\openseesnet\x64\debug\loadwrapper.obj
i:\omranelmafzar\opensees\win64\proj\openseesnet\x64\debug\ulbeamcolumnwrapper.sbr
i:\omranelmafzar\opensees\win64\proj\openseesnet\x64\debug\coupledzerolengthwrapper.sbr
i:\omranelmafzar\opensees\win64\proj\openseesnet\x64\debug\zerolengthelementwrapper.sbr
i:\omranelmafzar\opensees\win64\proj\openseesnet\x64\debug\graphnumbererwrapper.sbr
i:\omranelmafzar\opensees\win64\proj\openseesnet\x64\debug\handlerwrapper.sbr
i:\omranelmafzar\opensees\win64\proj\openseesnet\x64\debug\materialwrapper.sbr
i:\omranelmafzar\opensees\win64\proj\openseesnet\x64\debug\ndmaterialwrapper.sbr
i:\omranelmafzar\opensees\win64\proj\openseesnet\x64\debug\fiberwrapper.sbr
i:\omranelmafzar\opensees\win64\proj\openseesnet\x64\debug\sectionintegrationwrapper.sbr
i:\omranelmafzar\opensees\win64\proj\openseesnet\x64\debug\patchwrapper.sbr
i:\omranelmafzar\opensees\win64\proj\openseesnet\x64\debug\reinflayerwrapper.sbr
i:\omranelmafzar\opensees\win64\proj\openseesnet\x64\debug\sectionrepreswrapper.sbr
i:\omranelmafzar\opensees\win64\proj\openseesnet\x64\debug\sectionforcedeformationwrapper.sbr
i:\omranelmafzar\opensees\win64\proj\openseesnet\x64\debug\limitcurvewrapper.sbr
i:\omranelmafzar\opensees\win64\proj\openseesnet\x64\debug\uniaxialmaterialwrapper.sbr
i:\omranelmafzar\opensees\win64\proj\openseesnet\x64\debug\uniaxialmaterialwrapper_all.sbr
i:\omranelmafzar\opensees\win64\proj\openseesnet\x64\debug\yieldsurfacewrapper.sbr
i:\omranelmafzar\opensees\win64\proj\openseesnet\x64\debug\idwrapper.sbr
i:\omranelmafzar\opensees\win64\proj\openseesnet\x64\debug\matrixwrapper.sbr
i:\omranelmafzar\opensees\win64\proj\openseesnet\x64\debug\vectorwrapper.sbr
i:\omranelmafzar\opensees\win64\proj\openseesnet\x64\debug\vectorwrapper.obj
i:\omranelmafzar\opensees\win64\proj\openseesnet\x64\debug\matrixwrapper.obj
i:\omranelmafzar\opensees\win64\proj\openseesnet\x64\debug\idwrapper.obj
i:\omranelmafzar\opensees\win64\proj\openseesnet\x64\debug\yieldsurfacewrapper.obj
i:\omranelmafzar\opensees\win64\proj\openseesnet\x64\debug\uniaxialmaterialwrapper_all.obj
i:\omranelmafzar\opensees\win64\proj\openseesnet\x64\debug\uniaxialmaterialwrapper.obj
i:\omranelmafzar\opensees\win64\proj\openseesnet\x64\debug\limitcurvewrapper.obj
i:\omranelmafzar\opensees\win64\proj\openseesnet\x64\debug\sectionforcedeformationwrapper.obj
i:\omranelmafzar\opensees\win64\proj\openseesnet\x64\debug\sectionrepreswrapper.obj
i:\omranelmafzar\opensees\win64\proj\openseesnet\x64\debug\reinflayerwrapper.obj
i:\omranelmafzar\opensees\win64\proj\openseesnet\x64\debug\patchwrapper.obj
i:\omranelmafzar\opensees\win64\proj\openseesnet\x64\debug\sectionintegrationwrapper.obj
i:\omranelmafzar\opensees\win64\proj\openseesnet\x64\debug\fiberwrapper.obj
i:\omranelmafzar\opensees\win64\proj\openseesnet\x64\debug\ndmaterialwrapper.obj
i:\omranelmafzar\opensees\win64\proj\openseesnet\x64\debug\materialwrapper.obj
i:\omranelmafzar\opensees\win64\proj\openseesnet\x64\debug\handlerwrapper.obj
i:\omranelmafzar\opensees\win64\proj\openseesnet\x64\debug\graphnumbererwrapper.obj
i:\omranelmafzar\opensees\win64\proj\openseesnet\x64\debug\zerolengthelementwrapper.obj
i:\omranelmafzar\opensees\win64\proj\openseesnet\x64\debug\coupledzerolengthwrapper.obj
i:\omranelmafzar\opensees\win64\proj\openseesnet\x64\debug\ulbeamcolumnwrapper.obj
i:\omranelmafzar\opensees\win64\proj\openseesnet\x64\debug\ops.sbr
i:\omranelmafzar\opensees\win64\proj\openseesnet\x64\debug\informationwrapper.sbr
i:\omranelmafzar\opensees\win64\proj\openseesnet\x64\debug\recorderwrapper.sbr
i:\omranelmafzar\opensees\win64\proj\openseesnet\x64\debug\responsewrapper.sbr
i:\omranelmafzar\opensees\win64\proj\openseesnet\x64\debug\responsewrapper_all.sbr
i:\omranelmafzar\opensees\win64\proj\openseesnet\x64\debug\arpacksoewrapper.sbr
i:\omranelmafzar\opensees\win64\proj\openseesnet\x64\debug\bandgenwrapper.sbr
i:\omranelmafzar\opensees\win64\proj\openseesnet\x64\debug\bandspdwrapper.sbr
i:\omranelmafzar\opensees\win64\proj\openseesnet\x64\debug\diagonalwrapper.sbr
i:\omranelmafzar\opensees\win64\proj\openseesnet\x64\debug\eigensoewrapper.sbr
i:\omranelmafzar\opensees\win64\proj\openseesnet\x64\debug\eigensolverwrapper.sbr
i:\omranelmafzar\opensees\win64\proj\openseesnet\x64\debug\fullgenwrapper.sbr
i:\omranelmafzar\opensees\win64\proj\openseesnet\x64\debug\linearsoesolverwrapper.sbr
i:\omranelmafzar\opensees\win64\proj\openseesnet\x64\debug\linearsoewrapper.sbr
i:\omranelmafzar\opensees\win64\proj\openseesnet\x64\debug\profilespdwrapper.sbr
i:\omranelmafzar\opensees\win64\proj\openseesnet\x64\debug\solverwrapper.sbr
i:\omranelmafzar\opensees\win64\proj\openseesnet\x64\debug\sparsegenwrapper.sbr
i:\omranelmafzar\opensees\win64\proj\openseesnet\x64\debug\sparsesymwrapper.sbr
i:\omranelmafzar\opensees\win64\proj\openseesnet\x64\debug\symbandeigenwrapper.sbr
i:\omranelmafzar\opensees\win64\proj\openseesnet\x64\debug\systemofeqnwrapper.sbr
i:\omranelmafzar\opensees\win64\proj\openseesnet\x64\debug\systemofeqnwrapper.obj
i:\omranelmafzar\opensees\win64\proj\openseesnet\x64\debug\symbandeigenwrapper.obj
i:\omranelmafzar\opensees\win64\proj\openseesnet\x64\debug\sparsesymwrapper.obj
i:\omranelmafzar\opensees\win64\proj\openseesnet\x64\debug\sparsegenwrapper.obj
i:\omranelmafzar\opensees\win64\proj\openseesnet\x64\debug\solverwrapper.obj
i:\omranelmafzar\opensees\win64\proj\openseesnet\x64\debug\profilespdwrapper.obj
i:\omranelmafzar\opensees\win64\proj\openseesnet\x64\debug\linearsoewrapper.obj
i:\omranelmafzar\opensees\win64\proj\openseesnet\x64\debug\linearsoesolverwrapper.obj
i:\omranelmafzar\opensees\win64\proj\openseesnet\x64\debug\fullgenwrapper.obj
i:\omranelmafzar\opensees\win64\proj\openseesnet\x64\debug\eigensolverwrapper.obj
i:\omranelmafzar\opensees\win64\proj\openseesnet\x64\debug\eigensoewrapper.obj
i:\omranelmafzar\opensees\win64\proj\openseesnet\x64\debug\diagonalwrapper.obj
i:\omranelmafzar\opensees\win64\proj\openseesnet\x64\debug\bandspdwrapper.obj
i:\omranelmafzar\opensees\win64\proj\openseesnet\x64\debug\bandgenwrapper.obj
i:\omranelmafzar\opensees\win64\proj\openseesnet\x64\debug\arpacksoewrapper.obj
i:\omranelmafzar\opensees\win64\proj\openseesnet\x64\debug\responsewrapper_all.obj
i:\omranelmafzar\opensees\win64\proj\openseesnet\x64\debug\responsewrapper.obj
i:\omranelmafzar\opensees\win64\proj\openseesnet\x64\debug\informationwrapper.obj
i:\omranelmafzar\opensees\win64\proj\openseesnet\x64\debug\ops.obj
i:\omranelmafzar\opensees\win64\proj\openseesnet\x64\debug\umfpackgenwrapper.sbr
i:\omranelmafzar\opensees\win64\proj\openseesnet\x64\debug\taggedobjectwrapper.sbr
i:\omranelmafzar\opensees\win64\proj\openseesnet\x64\debug\modelbuilderevent.sbr
i:\omranelmafzar\opensees\win64\proj\openseesnet\x64\debug\tclwrapper.sbr
i:\omranelmafzar\opensees\win64\proj\openseesnet\x64\debug\tclwrapper.obj
i:\omranelmafzar\opensees\win64\proj\openseesnet\x64\debug\modelbuilderevent.obj
i:\omranelmafzar\opensees\win64\proj\openseesnet\x64\debug\taggedobjectwrapper.obj
i:\omranelmafzar\opensees\win64\proj\openseesnet\x64\debug\umfpackgenwrapper.obj
i:\omranelmafzar\opensees\win64\proj\openseesnet\x64\debug\adapterwrapper.obj
i:\omranelmafzar\opensees\win64\proj\openseesnet\x64\debug\recorderwrapper.obj
i:\omranelmafzar\opensees\win64\proj\openseesnet\x64\debug\.netframework,version=v4.7.2.assemblyattributes.sbr
i:\omranelmafzar\opensees\win64\proj\openseesnet\x64\debug\.netframework,version=v4.7.2.assemblyattributes.obj
d:\programming\opensees.net\win64\bin\debug\opensees.net.x64.dll
d:\programming\opensees.net\win64\bin\debug\opensees.net.x64.dll.pdb
i:\omranelmafzar\opensees\win64\proj\openseesnet\x64\debug\openseesnet.tlog\metagen.write.1.tlog
d:\programming\opensees.net\win64\proj\openseesnet\x64\debug\app.res
f:\omran elm afzar\opensees.net new\opensees.net\win64\proj\openseesnet\x64\debug\app.res
i:\omranelmafzar\opensees\win64\proj\openseesnet\x64\debug\app.res
i:\omranelmafzar\opensees\win64\proj\openseesnet\x64\debug\openseesnet.vcxproj.assemblyreference.cache
i:\omranelmafzar\opensees\win64\proj\openseesnet\x64\debug\openseesnet.vcxprojassemblyreference.cache
i:\omranelmafzar\opensees\win64\proj\openseesnet\x64\debug\.netframework,version=v4.0.assemblyattributes.sbr
i:\omranelmafzar\opensees\win64\proj\openseesnet\x64\debug\openseesnet.tlog\bscmake.command.1.tlog
i:\omranelmafzar\opensees\win64\proj\openseesnet\x64\debug\openseesnet.tlog\bscmake.read.1.tlog
i:\omranelmafzar\opensees\win64\proj\openseesnet\x64\debug\openseesnet.tlog\cl.command.1.tlog
i:\omranelmafzar\opensees\win64\proj\openseesnet\x64\debug\openseesnet.tlog\cl.read.1.tlog
i:\omranelmafzar\opensees\win64\proj\openseesnet\x64\debug\openseesnet.tlog\cl.write.1.tlog
i:\omranelmafzar\opensees\win64\proj\openseesnet\x64\debug\openseesnet.tlog\link.10848.delete.1.tlog
i:\omranelmafzar\opensees\win64\proj\openseesnet\x64\debug\openseesnet.tlog\link.18756.delete.1.tlog
i:\omranelmafzar\opensees\win64\proj\openseesnet\x64\debug\openseesnet.tlog\link.2416.delete.1.tlog
i:\omranelmafzar\opensees\win64\proj\openseesnet\x64\debug\openseesnet.tlog\link.command.1.tlog
i:\omranelmafzar\opensees\win64\proj\openseesnet\x64\debug\openseesnet.tlog\link.read.1.tlog
i:\omranelmafzar\opensees\win64\proj\openseesnet\x64\debug\openseesnet.tlog\link.write.1.tlog
i:\omranelmafzar\opensees\win64\proj\openseesnet\x64\debug\openseesnet.tlog\metagen.read.1.tlog
i:\omranelmafzar\opensees\win64\proj\openseesnet\x64\debug\openseesnet.tlog\rc.command.1.tlog
i:\omranelmafzar\opensees\win64\proj\openseesnet\x64\debug\openseesnet.tlog\rc.read.1.tlog
i:\omranelmafzar\opensees\win64\proj\openseesnet\x64\debug\openseesnet.tlog\rc.write.1.tlog
i:\omranelmafzar\opensees\win64\proj\openseesnet\x64\debug\openseesnet.tlog\system.data.dll.metagen
i:\omranelmafzar\opensees\win64\proj\openseesnet\x64\debug\openseesnet.tlog\system.dll.metagen
i:\omranelmafzar\opensees\win64\proj\openseesnet\x64\debug\openseesnet.tlog\system.xml.dll.metagen
