d:\programming\opensees.net\win64\proj\openseesnet\x64\release\opensees.net.x64.dll.pch
d:\programming\opensees.net\win64\proj\openseesnet\x64\release\vc142.pdb
d:\programming\opensees.net\win64\proj\openseesnet\x64\release\stdafx.obj
d:\programming\opensees.net\win64\proj\openseesnet\x64\release\groudmotionwrapper.obj
d:\programming\opensees.net\win64\proj\openseesnet\x64\release\domainwrapper.obj
d:\programming\opensees.net\win64\proj\openseesnet\x64\release\domainevent.obj
d:\programming\opensees.net\win64\proj\openseesnet\x64\release\basedomainwrapper.obj
d:\programming\opensees.net\win64\proj\openseesnet\x64\release\constraintwrapper.obj
d:\programming\opensees.net\win64\proj\openseesnet\x64\release\domaincomponentwrapper.obj
d:\programming\opensees.net\win64\proj\openseesnet\x64\release\damagemodelwrapper.obj
d:\programming\opensees.net\win64\proj\openseesnet\x64\release\convergencetestwrapper.obj
d:\programming\opensees.net\win64\proj\openseesnet\x64\release\assemblyinfo.obj
d:\programming\opensees.net\win64\proj\openseesnet\x64\release\dof_numbererwrapper.obj
d:\programming\opensees.net\win64\proj\openseesnet\x64\release\analysismodelwrapper.obj
d:\programming\opensees.net\win64\proj\openseesnet\x64\release\transientintegratorwrapper.obj
d:\programming\opensees.net\win64\proj\openseesnet\x64\release\staticintegratorwrapper.obj
d:\programming\opensees.net\win64\proj\openseesnet\x64\release\integratorwrapper.obj
d:\programming\opensees.net\win64\proj\openseesnet\x64\release\incrementalintegratorwrapper.obj
d:\programming\opensees.net\win64\proj\openseesnet\x64\release\constrainthandlerwrapper.obj
d:\programming\opensees.net\win64\proj\openseesnet\x64\release\analysiswrapper.obj
d:\programming\opensees.net\win64\proj\openseesnet\x64\release\linesearchwrapper.obj
d:\programming\opensees.net\win64\proj\openseesnet\x64\release\algorithmswrapper.obj
d:\programming\opensees.net\win64\proj\openseesnet\x64\release\acceleratorwrapper.obj
d:\programming\opensees.net\win64\proj\openseesnet\x64\release\trusswrapper.obj
d:\programming\opensees.net\win64\proj\openseesnet\x64\release\shellwrapper.obj
d:\programming\opensees.net\win64\proj\openseesnet\x64\release\quadwrapper.obj
d:\programming\opensees.net\win64\proj\openseesnet\x64\release\surfaceloadwrapper.obj
d:\programming\opensees.net\win64\proj\openseesnet\x64\release\quad4fiberoverlaywrapper.obj
d:\programming\opensees.net\win64\proj\openseesnet\x64\release\otherelementwrapper.obj
d:\programming\opensees.net\win64\proj\openseesnet\x64\release\externalelementwrapper.obj
d:\programming\opensees.net\win64\proj\openseesnet\x64\release\elementwrapper.obj
d:\programming\opensees.net\win64\proj\openseesnet\x64\release\crdtransfwrapper.obj
d:\programming\opensees.net\win64\proj\openseesnet\x64\release\catenarycablewrapper.obj
d:\programming\opensees.net\win64\proj\openseesnet\x64\release\brickwrapper.obj
d:\programming\opensees.net\win64\proj\openseesnet\x64\release\bearingwrapper.obj
d:\programming\opensees.net\win64\proj\openseesnet\x64\release\beamintegrationwrapper.obj
d:\programming\opensees.net\win64\proj\openseesnet\x64\release\beamcolumnwrapper.obj
d:\programming\opensees.net\win64\proj\openseesnet\x64\release\baseelementwrapper.obj
d:\programming\opensees.net\win64\proj\openseesnet\x64\release\adapterwrapper.obj
d:\programming\opensees.net\win64\proj\openseesnet\x64\release\timeserieswrapper.obj
d:\programming\opensees.net\win64\proj\openseesnet\x64\release\loadpatternwrapper.obj
d:\programming\opensees.net\win64\proj\openseesnet\x64\release\nodewrapper.obj
d:\programming\opensees.net\win64\proj\openseesnet\x64\release\loadwrapper.obj
d:\programming\opensees.net\win64\proj\openseesnet\x64\release\vectorwrapper.obj
d:\programming\opensees.net\win64\proj\openseesnet\x64\release\matrixwrapper.obj
d:\programming\opensees.net\win64\proj\openseesnet\x64\release\idwrapper.obj
d:\programming\opensees.net\win64\proj\openseesnet\x64\release\yieldsurfacewrapper.obj
d:\programming\opensees.net\win64\proj\openseesnet\x64\release\uniaxialmaterialwrapper_all.obj
d:\programming\opensees.net\win64\proj\openseesnet\x64\release\uniaxialmaterialwrapper.obj
d:\programming\opensees.net\win64\proj\openseesnet\x64\release\limitcurvewrapper.obj
d:\programming\opensees.net\win64\proj\openseesnet\x64\release\sectionforcedeformationwrapper.obj
d:\programming\opensees.net\win64\proj\openseesnet\x64\release\sectionrepreswrapper.obj
d:\programming\opensees.net\win64\proj\openseesnet\x64\release\reinflayerwrapper.obj
d:\programming\opensees.net\win64\proj\openseesnet\x64\release\patchwrapper.obj
d:\programming\opensees.net\win64\proj\openseesnet\x64\release\sectionintegrationwrapper.obj
d:\programming\opensees.net\win64\proj\openseesnet\x64\release\fiberwrapper.obj
d:\programming\opensees.net\win64\proj\openseesnet\x64\release\ndmaterialwrapper.obj
d:\programming\opensees.net\win64\proj\openseesnet\x64\release\materialwrapper.obj
d:\programming\opensees.net\win64\proj\openseesnet\x64\release\handlerwrapper.obj
d:\programming\opensees.net\win64\proj\openseesnet\x64\release\graphnumbererwrapper.obj
d:\programming\opensees.net\win64\proj\openseesnet\x64\release\zerolengthelementwrapper.obj
d:\programming\opensees.net\win64\proj\openseesnet\x64\release\coupledzerolengthwrapper.obj
d:\programming\opensees.net\win64\proj\openseesnet\x64\release\ulbeamcolumnwrapper.obj
d:\programming\opensees.net\win64\proj\openseesnet\x64\release\systemofeqnwrapper.obj
d:\programming\opensees.net\win64\proj\openseesnet\x64\release\symbandeigenwrapper.obj
d:\programming\opensees.net\win64\proj\openseesnet\x64\release\sparsesymwrapper.obj
d:\programming\opensees.net\win64\proj\openseesnet\x64\release\sparsegenwrapper.obj
d:\programming\opensees.net\win64\proj\openseesnet\x64\release\solverwrapper.obj
d:\programming\opensees.net\win64\proj\openseesnet\x64\release\profilespdwrapper.obj
d:\programming\opensees.net\win64\proj\openseesnet\x64\release\linearsoewrapper.obj
d:\programming\opensees.net\win64\proj\openseesnet\x64\release\linearsoesolverwrapper.obj
d:\programming\opensees.net\win64\proj\openseesnet\x64\release\fullgenwrapper.obj
d:\programming\opensees.net\win64\proj\openseesnet\x64\release\eigensolverwrapper.obj
d:\programming\opensees.net\win64\proj\openseesnet\x64\release\eigensoewrapper.obj
d:\programming\opensees.net\win64\proj\openseesnet\x64\release\diagonalwrapper.obj
d:\programming\opensees.net\win64\proj\openseesnet\x64\release\bandspdwrapper.obj
d:\programming\opensees.net\win64\proj\openseesnet\x64\release\bandgenwrapper.obj
d:\programming\opensees.net\win64\proj\openseesnet\x64\release\arpacksoewrapper.obj
d:\programming\opensees.net\win64\proj\openseesnet\x64\release\responsewrapper_all.obj
d:\programming\opensees.net\win64\proj\openseesnet\x64\release\responsewrapper.obj
d:\programming\opensees.net\win64\proj\openseesnet\x64\release\recorderwrapper.obj
d:\programming\opensees.net\win64\proj\openseesnet\x64\release\informationwrapper.obj
d:\programming\opensees.net\win64\proj\openseesnet\x64\release\ops.obj
d:\programming\opensees.net\win64\proj\openseesnet\x64\release\tclwrapper.obj
d:\programming\opensees.net\win64\proj\openseesnet\x64\release\modelbuilderevent.obj
d:\programming\opensees.net\win64\proj\openseesnet\x64\release\taggedobjectwrapper.obj
d:\programming\opensees.net\win64\proj\openseesnet\x64\release\umfpackgenwrapper.obj
d:\programming\opensees.net\win64\proj\openseesnet\x64\release\.netframework,version=v4.0.assemblyattributes.obj
d:\programming\opensees.net\win64\proj\openseesnet\x64\release\.netframework,version=v4.0.assemblyattributes.asm
f:\omran elm afzar\opensees.net new\opensees.net\win64\proj\openseesnet\x64\release\opensees.net.x64.dll.pch
f:\omran elm afzar\opensees.net new\opensees.net\win64\proj\openseesnet\x64\release\vc142.pdb
f:\omran elm afzar\opensees.net new\opensees.net\win64\proj\openseesnet\x64\release\stdafx.obj
f:\omran elm afzar\opensees.net new\opensees.net\win64\proj\openseesnet\x64\release\groudmotionwrapper.obj
f:\omran elm afzar\opensees.net new\opensees.net\win64\proj\openseesnet\x64\release\domainwrapper.obj
f:\omran elm afzar\opensees.net new\opensees.net\win64\proj\openseesnet\x64\release\domainevent.obj
f:\omran elm afzar\opensees.net new\opensees.net\win64\proj\openseesnet\x64\release\basedomainwrapper.obj
f:\omran elm afzar\opensees.net new\opensees.net\win64\proj\openseesnet\x64\release\constraintwrapper.obj
f:\omran elm afzar\opensees.net new\opensees.net\win64\proj\openseesnet\x64\release\domaincomponentwrapper.obj
f:\omran elm afzar\opensees.net new\opensees.net\win64\proj\openseesnet\x64\release\damagemodelwrapper.obj
f:\omran elm afzar\opensees.net new\opensees.net\win64\proj\openseesnet\x64\release\convergencetestwrapper.obj
f:\omran elm afzar\opensees.net new\opensees.net\win64\proj\openseesnet\x64\release\assemblyinfo.obj
f:\omran elm afzar\opensees.net new\opensees.net\win64\proj\openseesnet\x64\release\dof_numbererwrapper.obj
f:\omran elm afzar\opensees.net new\opensees.net\win64\proj\openseesnet\x64\release\analysismodelwrapper.obj
f:\omran elm afzar\opensees.net new\opensees.net\win64\proj\openseesnet\x64\release\transientintegratorwrapper.obj
f:\omran elm afzar\opensees.net new\opensees.net\win64\proj\openseesnet\x64\release\staticintegratorwrapper.obj
f:\omran elm afzar\opensees.net new\opensees.net\win64\proj\openseesnet\x64\release\integratorwrapper.obj
f:\omran elm afzar\opensees.net new\opensees.net\win64\proj\openseesnet\x64\release\incrementalintegratorwrapper.obj
f:\omran elm afzar\opensees.net new\opensees.net\win64\proj\openseesnet\x64\release\constrainthandlerwrapper.obj
f:\omran elm afzar\opensees.net new\opensees.net\win64\proj\openseesnet\x64\release\analysiswrapper.obj
f:\omran elm afzar\opensees.net new\opensees.net\win64\proj\openseesnet\x64\release\linesearchwrapper.obj
f:\omran elm afzar\opensees.net new\opensees.net\win64\proj\openseesnet\x64\release\algorithmswrapper.obj
f:\omran elm afzar\opensees.net new\opensees.net\win64\proj\openseesnet\x64\release\acceleratorwrapper.obj
f:\omran elm afzar\opensees.net new\opensees.net\win64\proj\openseesnet\x64\release\trusswrapper.obj
f:\omran elm afzar\opensees.net new\opensees.net\win64\proj\openseesnet\x64\release\shellwrapper.obj
f:\omran elm afzar\opensees.net new\opensees.net\win64\proj\openseesnet\x64\release\quadwrapper.obj
f:\omran elm afzar\opensees.net new\opensees.net\win64\proj\openseesnet\x64\release\surfaceloadwrapper.obj
f:\omran elm afzar\opensees.net new\opensees.net\win64\proj\openseesnet\x64\release\quad4fiberoverlaywrapper.obj
f:\omran elm afzar\opensees.net new\opensees.net\win64\proj\openseesnet\x64\release\otherelementwrapper.obj
f:\omran elm afzar\opensees.net new\opensees.net\win64\proj\openseesnet\x64\release\externalelementwrapper.obj
f:\omran elm afzar\opensees.net new\opensees.net\win64\proj\openseesnet\x64\release\elementwrapper.obj
f:\omran elm afzar\opensees.net new\opensees.net\win64\proj\openseesnet\x64\release\crdtransfwrapper.obj
f:\omran elm afzar\opensees.net new\opensees.net\win64\proj\openseesnet\x64\release\catenarycablewrapper.obj
f:\omran elm afzar\opensees.net new\opensees.net\win64\proj\openseesnet\x64\release\brickwrapper.obj
f:\omran elm afzar\opensees.net new\opensees.net\win64\proj\openseesnet\x64\release\bearingwrapper.obj
f:\omran elm afzar\opensees.net new\opensees.net\win64\proj\openseesnet\x64\release\beamintegrationwrapper.obj
f:\omran elm afzar\opensees.net new\opensees.net\win64\proj\openseesnet\x64\release\beamcolumnwrapper.obj
f:\omran elm afzar\opensees.net new\opensees.net\win64\proj\openseesnet\x64\release\baseelementwrapper.obj
f:\omran elm afzar\opensees.net new\opensees.net\win64\proj\openseesnet\x64\release\adapterwrapper.obj
f:\omran elm afzar\opensees.net new\opensees.net\win64\proj\openseesnet\x64\release\timeserieswrapper.obj
f:\omran elm afzar\opensees.net new\opensees.net\win64\proj\openseesnet\x64\release\loadpatternwrapper.obj
f:\omran elm afzar\opensees.net new\opensees.net\win64\proj\openseesnet\x64\release\nodewrapper.obj
f:\omran elm afzar\opensees.net new\opensees.net\win64\proj\openseesnet\x64\release\loadwrapper.obj
f:\omran elm afzar\opensees.net new\opensees.net\win64\proj\openseesnet\x64\release\vectorwrapper.obj
f:\omran elm afzar\opensees.net new\opensees.net\win64\proj\openseesnet\x64\release\matrixwrapper.obj
f:\omran elm afzar\opensees.net new\opensees.net\win64\proj\openseesnet\x64\release\idwrapper.obj
f:\omran elm afzar\opensees.net new\opensees.net\win64\proj\openseesnet\x64\release\yieldsurfacewrapper.obj
f:\omran elm afzar\opensees.net new\opensees.net\win64\proj\openseesnet\x64\release\uniaxialmaterialwrapper_all.obj
f:\omran elm afzar\opensees.net new\opensees.net\win64\proj\openseesnet\x64\release\uniaxialmaterialwrapper.obj
f:\omran elm afzar\opensees.net new\opensees.net\win64\proj\openseesnet\x64\release\limitcurvewrapper.obj
f:\omran elm afzar\opensees.net new\opensees.net\win64\proj\openseesnet\x64\release\sectionforcedeformationwrapper.obj
f:\omran elm afzar\opensees.net new\opensees.net\win64\proj\openseesnet\x64\release\sectionrepreswrapper.obj
f:\omran elm afzar\opensees.net new\opensees.net\win64\proj\openseesnet\x64\release\reinflayerwrapper.obj
f:\omran elm afzar\opensees.net new\opensees.net\win64\proj\openseesnet\x64\release\patchwrapper.obj
f:\omran elm afzar\opensees.net new\opensees.net\win64\proj\openseesnet\x64\release\sectionintegrationwrapper.obj
f:\omran elm afzar\opensees.net new\opensees.net\win64\proj\openseesnet\x64\release\fiberwrapper.obj
f:\omran elm afzar\opensees.net new\opensees.net\win64\proj\openseesnet\x64\release\ndmaterialwrapper.obj
f:\omran elm afzar\opensees.net new\opensees.net\win64\proj\openseesnet\x64\release\materialwrapper.obj
f:\omran elm afzar\opensees.net new\opensees.net\win64\proj\openseesnet\x64\release\handlerwrapper.obj
f:\omran elm afzar\opensees.net new\opensees.net\win64\proj\openseesnet\x64\release\graphnumbererwrapper.obj
f:\omran elm afzar\opensees.net new\opensees.net\win64\proj\openseesnet\x64\release\zerolengthelementwrapper.obj
f:\omran elm afzar\opensees.net new\opensees.net\win64\proj\openseesnet\x64\release\coupledzerolengthwrapper.obj
f:\omran elm afzar\opensees.net new\opensees.net\win64\proj\openseesnet\x64\release\ulbeamcolumnwrapper.obj
f:\omran elm afzar\opensees.net new\opensees.net\win64\proj\openseesnet\x64\release\systemofeqnwrapper.obj
f:\omran elm afzar\opensees.net new\opensees.net\win64\proj\openseesnet\x64\release\symbandeigenwrapper.obj
f:\omran elm afzar\opensees.net new\opensees.net\win64\proj\openseesnet\x64\release\sparsesymwrapper.obj
f:\omran elm afzar\opensees.net new\opensees.net\win64\proj\openseesnet\x64\release\sparsegenwrapper.obj
f:\omran elm afzar\opensees.net new\opensees.net\win64\proj\openseesnet\x64\release\solverwrapper.obj
f:\omran elm afzar\opensees.net new\opensees.net\win64\proj\openseesnet\x64\release\profilespdwrapper.obj
f:\omran elm afzar\opensees.net new\opensees.net\win64\proj\openseesnet\x64\release\linearsoewrapper.obj
f:\omran elm afzar\opensees.net new\opensees.net\win64\proj\openseesnet\x64\release\linearsoesolverwrapper.obj
f:\omran elm afzar\opensees.net new\opensees.net\win64\proj\openseesnet\x64\release\fullgenwrapper.obj
f:\omran elm afzar\opensees.net new\opensees.net\win64\proj\openseesnet\x64\release\eigensolverwrapper.obj
f:\omran elm afzar\opensees.net new\opensees.net\win64\proj\openseesnet\x64\release\eigensoewrapper.obj
f:\omran elm afzar\opensees.net new\opensees.net\win64\proj\openseesnet\x64\release\diagonalwrapper.obj
f:\omran elm afzar\opensees.net new\opensees.net\win64\proj\openseesnet\x64\release\bandspdwrapper.obj
f:\omran elm afzar\opensees.net new\opensees.net\win64\proj\openseesnet\x64\release\bandgenwrapper.obj
f:\omran elm afzar\opensees.net new\opensees.net\win64\proj\openseesnet\x64\release\arpacksoewrapper.obj
f:\omran elm afzar\opensees.net new\opensees.net\win64\proj\openseesnet\x64\release\responsewrapper_all.obj
f:\omran elm afzar\opensees.net new\opensees.net\win64\proj\openseesnet\x64\release\responsewrapper.obj
f:\omran elm afzar\opensees.net new\opensees.net\win64\proj\openseesnet\x64\release\recorderwrapper.obj
f:\omran elm afzar\opensees.net new\opensees.net\win64\proj\openseesnet\x64\release\informationwrapper.obj
f:\omran elm afzar\opensees.net new\opensees.net\win64\proj\openseesnet\x64\release\ops.obj
f:\omran elm afzar\opensees.net new\opensees.net\win64\proj\openseesnet\x64\release\tclwrapper.obj
f:\omran elm afzar\opensees.net new\opensees.net\win64\proj\openseesnet\x64\release\modelbuilderevent.obj
f:\omran elm afzar\opensees.net new\opensees.net\win64\proj\openseesnet\x64\release\taggedobjectwrapper.obj
f:\omran elm afzar\opensees.net new\opensees.net\win64\proj\openseesnet\x64\release\umfpackgenwrapper.obj
f:\omran elm afzar\opensees.net new\opensees.net\win64\proj\openseesnet\x64\release\.netframework,version=v4.0.assemblyattributes.obj
f:\omran elm afzar\opensees.net new\opensees.net\win64\proj\openseesnet\x64\release\.netframework,version=v4.0.assemblyattributes.asm
d:\programming\opensees.net\win64\proj\openseesnet\x64\release\app.res
f:\omran elm afzar\opensees.net new\opensees.net\win64\proj\openseesnet\x64\release\app.res
i:\omranelmafzar\opensees\win64\proj\openseesnet\x64\release\openseesnet.vcxproj.assemblyreference.cache
i:\omranelmafzar\opensees\win64\proj\openseesnet\x64\release\openseesnet.vcxprojassemblyreference.cache
i:\omranelmafzar\opensees\win64\proj\openseesnet\x64\release\app.res
i:\omranelmafzar\opensees\win64\proj\openseesnet\x64\release\openseesnet.tlog\cl.command.1.tlog
i:\omranelmafzar\opensees\win64\proj\openseesnet\x64\release\openseesnet.tlog\cl.read.1.tlog
i:\omranelmafzar\opensees\win64\proj\openseesnet\x64\release\openseesnet.tlog\cl.write.1.tlog
i:\omranelmafzar\opensees\win64\proj\openseesnet\x64\release\openseesnet.tlog\link-cvtres.read.1.tlog
i:\omranelmafzar\opensees\win64\proj\openseesnet\x64\release\openseesnet.tlog\link-cvtres.write.1.tlog
i:\omranelmafzar\opensees\win64\proj\openseesnet\x64\release\openseesnet.tlog\link-rc.read.1.tlog
i:\omranelmafzar\opensees\win64\proj\openseesnet\x64\release\openseesnet.tlog\link-rc.write.1.tlog
i:\omranelmafzar\opensees\win64\proj\openseesnet\x64\release\openseesnet.tlog\link.command.1.tlog
i:\omranelmafzar\opensees\win64\proj\openseesnet\x64\release\openseesnet.tlog\link.delete.1.tlog
i:\omranelmafzar\opensees\win64\proj\openseesnet\x64\release\openseesnet.tlog\link.read.1.tlog
i:\omranelmafzar\opensees\win64\proj\openseesnet\x64\release\openseesnet.tlog\link.write.1.tlog
i:\omranelmafzar\opensees\win64\proj\openseesnet\x64\release\openseesnet.tlog\metagen.read.1.tlog
i:\omranelmafzar\opensees\win64\proj\openseesnet\x64\release\openseesnet.tlog\metagen.write.1.tlog
i:\omranelmafzar\opensees\win64\proj\openseesnet\x64\release\openseesnet.tlog\rc.command.1.tlog
i:\omranelmafzar\opensees\win64\proj\openseesnet\x64\release\openseesnet.tlog\rc.read.1.tlog
i:\omranelmafzar\opensees\win64\proj\openseesnet\x64\release\openseesnet.tlog\rc.write.1.tlog
